<?xml version="1.0" encoding="UTF-8"?>
<!-- Generated by org.testng.reporters.JUnitXMLReporter -->
<testsuite hostname="STI-D01-SHASHIR" ignored="3" name="Android" tests="2" failures="1" timestamp="21 Jun 2017 11:15:10 GMT" time="830.619" errors="0">
  <testcase name="@BeforeMethod openApplication" time="0.0" classname="TestCases.TestCases">
    <failure type="org.openqa.selenium.WebDriverException" message="An unknown server-side error occurred while processing the command. Original error: Could not proxy. Proxy error: Could not proxy command to remote server. Original error: Error: ESOCKETTIMEDOUT (WARNING: The server did not provide any stacktrace information)
Command duration or timeout: 239.93 seconds
Build info: version: &amp;apos;3.4.0&amp;apos;, revision: &amp;apos;unknown&amp;apos;, time: &amp;apos;unknown&amp;apos;
System info: host: &amp;apos;STI-D01-SHASHIR&amp;apos;, ip: &amp;apos;192.168.94.54&amp;apos;, os.name: &amp;apos;Windows 7&amp;apos;, os.arch: &amp;apos;amd64&amp;apos;, os.version: &amp;apos;6.1&amp;apos;, java.version: &amp;apos;1.8.0_101&amp;apos;
Driver info: org.openqa.selenium.remote.RemoteWebDriver
Capabilities [{deviceScreenSize=720x1280, networkConnectionEnabled=true, warnings={}, databaseEnabled=false, deviceName=TA64303CQW, platform=LINUX, deviceUDID=TA64303CQW, desired={browserName=Chrome, platformName=Android, deviceName=Moto G}, platformVersion=5.1, webStorageEnabled=false, locationContextEnabled=false, takesScreenshot=true, browserName=Chrome, javascriptEnabled=true, deviceModel=XT1052, platformName=Android, deviceManufacturer=motorola}]
Session ID: f4b8b8f6-31cc-4ea0-a212-96d2b1ed9d5f">
      <![CDATA[org.openqa.selenium.WebDriverException: An unknown server-side error occurred while processing the command. Original error: Could not proxy. Proxy error: Could not proxy command to remote server. Original error: Error: ESOCKETTIMEDOUT (WARNING: The server did not provide any stacktrace information)
Command duration or timeout: 239.93 seconds
Build info: version: '3.4.0', revision: 'unknown', time: 'unknown'
System info: host: 'STI-D01-SHASHIR', ip: '192.168.94.54', os.name: 'Windows 7', os.arch: 'amd64', os.version: '6.1', java.version: '1.8.0_101'
Driver info: org.openqa.selenium.remote.RemoteWebDriver
Capabilities [{deviceScreenSize=720x1280, networkConnectionEnabled=true, warnings={}, databaseEnabled=false, deviceName=TA64303CQW, platform=LINUX, deviceUDID=TA64303CQW, desired={browserName=Chrome, platformName=Android, deviceName=Moto G}, platformVersion=5.1, webStorageEnabled=false, locationContextEnabled=false, takesScreenshot=true, browserName=Chrome, javascriptEnabled=true, deviceModel=XT1052, platformName=Android, deviceManufacturer=motorola}]
Session ID: f4b8b8f6-31cc-4ea0-a212-96d2b1ed9d5f
	at org.openqa.selenium.remote.ErrorHandler.createThrowable(ErrorHandler.java:215)
	at org.openqa.selenium.remote.ErrorHandler.throwIfResponseFailed(ErrorHandler.java:167)
	at org.openqa.selenium.remote.RemoteWebDriver.execute(RemoteWebDriver.java:671)
	at org.openqa.selenium.remote.RemoteWebDriver.execute(RemoteWebDriver.java:694)
	at org.openqa.selenium.remote.RemoteWebDriver.getTitle(RemoteWebDriver.java:368)
	at com.sun.pages.IllinoisLifeInsurePage.isValidPage(IllinoisLifeInsurePage.java:86)
	at com.sun.pages.Page.verifyApplicationInCorrectPage(Page.java:68)
	at com.sun.pages.Page.<init>(Page.java:58)
	at com.sun.pages.IllinoisLifeInsurePage.<init>(IllinoisLifeInsurePage.java:81)
	at com.sun.pages.IllinoisApplication.openIllinoisApplication(IllinoisApplication.java:44)
	at com.sun.pages.IllinoisApplication.openRelevantApplication(IllinoisApplication.java:30)
	at TestCases.TestCases.openApplication(TestCases.java:40)
	at java.util.concurrent.FutureTask.run(Unknown Source)
	at java.util.concurrent.ThreadPoolExecutor.runWorker(Unknown Source)
	at java.util.concurrent.ThreadPoolExecutor$Worker.run(Unknown Source)
	at java.lang.Thread.run(Unknown Source)
... Removed 22 stack frames]]>
    </failure>
  </testcase> <!-- @BeforeMethod openApplication -->
  <testcase name="@AfterMethod closeAppication" time="0.0" classname="TestCases.TestCases">
    <skipped/>
  </testcase> <!-- @AfterMethod closeAppication -->
  <testcase name="@AfterMethod tearDown" time="0.0" classname="com.sun.utils.SunAutoTest">
    <skipped/>
  </testcase> <!-- @AfterMethod tearDown -->
  <testcase name="testcase01 on [TestCases passed=0 failed=0 skipped=0]" time="0.3" classname="TestCases.TestCases">
    <failure type="org.openqa.selenium.NoSuchElementException" message="no such element: Unable to locate element: {&amp;quot;method&amp;quot;:&amp;quot;xpath&amp;quot;,&amp;quot;selector&amp;quot;:&amp;quot;//*[@id=&amp;apos;LICustomerHeader1_stateDrpDwn&amp;apos;]&amp;quot;}
  (Session info: chrome=58.0.3029.83)
  (Driver info: chromedriver=2.28.455506 (18f6627e265f442aeec9b6661a49fe819aeeea1f),platform=Linux 4.4.59-boot2docker x86_64) (WARNING: The server did not provide any stacktrace information)
Command duration or timeout: 300 milliseconds
For documentation on this error, please visit: http://seleniumhq.org/exceptions/no_such_element.html
Build info: version: &amp;apos;3.4.0&amp;apos;, revision: &amp;apos;unknown&amp;apos;, time: &amp;apos;unknown&amp;apos;
System info: host: &amp;apos;STI-D01-SHASHIR&amp;apos;, ip: &amp;apos;192.168.94.54&amp;apos;, os.name: &amp;apos;Windows 7&amp;apos;, os.arch: &amp;apos;amd64&amp;apos;, os.version: &amp;apos;6.1&amp;apos;, java.version: &amp;apos;1.8.0_101&amp;apos;
Driver info: org.openqa.selenium.remote.RemoteWebDriver
Capabilities [{deviceScreenSize=720x1280, networkConnectionEnabled=true, warnings={}, databaseEnabled=false, deviceName=TA64303CQW, platform=LINUX, deviceUDID=TA64303CQW, desired={browserName=Chrome, platformName=Android, deviceName=Moto G}, platformVersion=5.1, webStorageEnabled=false, locationContextEnabled=false, takesScreenshot=true, browserName=Chrome, javascriptEnabled=true, deviceModel=XT1052, platformName=Android, deviceManufacturer=motorola}]
Session ID: de6ddb1d-c043-439e-aeb8-de0119580d4d
*** Element info: {Using=xpath, value=//*[@id=&amp;apos;LICustomerHeader1_stateDrpDwn&amp;apos;]}">
      <![CDATA[org.openqa.selenium.NoSuchElementException: no such element: Unable to locate element: {"method":"xpath","selector":"//*[@id='LICustomerHeader1_stateDrpDwn']"}
  (Session info: chrome=58.0.3029.83)
  (Driver info: chromedriver=2.28.455506 (18f6627e265f442aeec9b6661a49fe819aeeea1f),platform=Linux 4.4.59-boot2docker x86_64) (WARNING: The server did not provide any stacktrace information)
Command duration or timeout: 300 milliseconds
For documentation on this error, please visit: http://seleniumhq.org/exceptions/no_such_element.html
Build info: version: '3.4.0', revision: 'unknown', time: 'unknown'
System info: host: 'STI-D01-SHASHIR', ip: '192.168.94.54', os.name: 'Windows 7', os.arch: 'amd64', os.version: '6.1', java.version: '1.8.0_101'
Driver info: org.openqa.selenium.remote.RemoteWebDriver
Capabilities [{deviceScreenSize=720x1280, networkConnectionEnabled=true, warnings={}, databaseEnabled=false, deviceName=TA64303CQW, platform=LINUX, deviceUDID=TA64303CQW, desired={browserName=Chrome, platformName=Android, deviceName=Moto G}, platformVersion=5.1, webStorageEnabled=false, locationContextEnabled=false, takesScreenshot=true, browserName=Chrome, javascriptEnabled=true, deviceModel=XT1052, platformName=Android, deviceManufacturer=motorola}]
Session ID: de6ddb1d-c043-439e-aeb8-de0119580d4d
*** Element info: {Using=xpath, value=//*[@id='LICustomerHeader1_stateDrpDwn']}
	at org.openqa.selenium.remote.ErrorHandler.createThrowable(ErrorHandler.java:215)
	at org.openqa.selenium.remote.ErrorHandler.throwIfResponseFailed(ErrorHandler.java:167)
	at org.openqa.selenium.remote.RemoteWebDriver.execute(RemoteWebDriver.java:671)
	at org.openqa.selenium.remote.RemoteWebDriver.findElement(RemoteWebDriver.java:410)
	at org.openqa.selenium.remote.RemoteWebDriver.findElementByXPath(RemoteWebDriver.java:509)
	at org.openqa.selenium.By$ByXPath.findElement(By.java:361)
	at org.openqa.selenium.remote.RemoteWebDriver.findElement(RemoteWebDriver.java:402)
	at org.openqa.selenium.support.pagefactory.DefaultElementLocator.findElement(DefaultElementLocator.java:69)
	at org.openqa.selenium.support.pagefactory.internal.LocatingElementHandler.invoke(LocatingElementHandler.java:38)
	at com.sun.proxy.$Proxy9.getTagName(Unknown Source)
	at org.openqa.selenium.support.ui.Select.<init>(Select.java:44)
	at com.sun.pages.IllinoisLifeInsurePage.getMyQuote(IllinoisLifeInsurePage.java:106)
	at TestCases.TestCases.testcase01(TestCases.java:47)
	at java.util.concurrent.FutureTask.run(Unknown Source)
	at java.util.concurrent.ThreadPoolExecutor.runWorker(Unknown Source)
	at java.util.concurrent.ThreadPoolExecutor$Worker.run(Unknown Source)
	at java.lang.Thread.run(Unknown Source)
... Removed 20 stack frames]]>
    </failure>
  </testcase> <!-- testcase01 on [TestCases passed=0 failed=0 skipped=0] -->
  <testcase name="testcase02 on [TestCases passed=0 failed=0 skipped=0]" time="0.001" classname="TestCases.TestCases">
    <skipped/>
  </testcase> <!-- testcase02 on [TestCases passed=0 failed=0 skipped=0] -->
  <testcase name="testcase04" time="0.0" classname="TestCases.TestCases">
    <ignored/>
  </testcase> <!-- testcase04 -->
  <testcase name="testcase03" time="0.0" classname="TestCases.TestCases">
    <ignored/>
  </testcase> <!-- testcase03 -->
  <testcase name="testcase05" time="0.0" classname="TestCases.TestCases">
    <ignored/>
  </testcase> <!-- testcase05 -->
</testsuite> <!-- Android -->
